[2024-05-07T04:58:12+0000] [PACMAN] Running 'pacman -Syu --root /d/a/msys2-installer/msys2-installer/_build/newmsys/msys64'
[2024-05-07T04:58:12+0000] [PACMAN] synchronizing package lists
[2024-05-07T04:58:14+0000] [PACMAN] starting core system upgrade
[2024-05-07T04:58:14+0000] [PACMAN] starting full system upgrade
[2024-05-07T04:58:15+0000] [PACMAN] Running 'pacman -S --noconfirm --root /d/a/msys2-installer/msys2-installer/_build/newmsys/msys64 filesystem msys2-runtime'
[2024-05-07T04:58:16+0000] [ALPM] transaction started
[2024-05-07T04:58:16+0000] [ALPM] installed filesystem (2023.02.07-1)
[2024-05-07T04:58:17+0000] [ALPM] installed msys2-runtime (3.5.3-2)
[2024-05-07T04:58:17+0000] [ALPM] transaction completed
[2024-05-07T04:58:17+0000] [PACMAN] Running 'pacman -S --noconfirm --root /d/a/msys2-installer/msys2-installer/_build/newmsys/msys64 base'
[2024-05-07T04:58:41+0000] [ALPM] transaction started
[2024-05-07T04:58:41+0000] [ALPM] installed bash (5.2.026-1)
[2024-05-07T04:58:42+0000] [ALPM] installed bash-completion (2.11-3)
[2024-05-07T04:58:42+0000] [ALPM] installed gcc-libs (13.2.0-2)
[2024-05-07T04:58:42+0000] [ALPM] installed libbz2 (1.0.8-4)
[2024-05-07T04:58:42+0000] [ALPM] installed libintl (0.22.4-1)
[2024-05-07T04:58:42+0000] [ALPM] installed libiconv (1.17-1)
[2024-05-07T04:58:42+0000] [ALPM] installed libexpat (2.6.2-1)
[2024-05-07T04:58:42+0000] [ALPM] installed liblzma (5.6.1-2)
[2024-05-07T04:58:42+0000] [ALPM] installed liblz4 (1.9.4-1)
[2024-05-07T04:58:42+0000] [ALPM] installed libopenssl (3.3.0-1)
[2024-05-07T04:58:42+0000] [ALPM] installed libzstd (1.5.6-1)
[2024-05-07T04:58:42+0000] [ALPM] installed zlib (1.3.1-1)
[2024-05-07T04:58:42+0000] [ALPM] installed bsdtar (3.7.4-1)
[2024-05-07T04:58:42+0000] [ALPM] installed bzip2 (1.0.8-4)
[2024-05-07T04:58:42+0000] [ALPM] installed gmp (6.3.0-1)
[2024-05-07T04:58:42+0000] [ALPM] installed coreutils (8.32-5)
[2024-05-07T04:58:43+0000] [ALPM] installed openssl (3.3.0-1)
[2024-05-07T04:58:43+0000] [ALPM] installed findutils (4.9.0-3)
[2024-05-07T04:58:43+0000] [ALPM] installed sed (4.9-1)
[2024-05-07T04:58:43+0000] [ALPM] installed libffi (3.4.6-1)
[2024-05-07T04:58:51+0000] [ALPM] installed ncurses (6.4-2)
[2024-05-07T04:58:51+0000] [ALPM] installed libpcre2_8 (10.43-1)
[2024-05-07T04:58:51+0000] [ALPM] installed less (643-1)
[2024-05-07T04:58:51+0000] [ALPM] installed gzip (1.13-1)
[2024-05-07T04:58:51+0000] [ALPM] installed libxcrypt (4.4.36-1)
[2024-05-07T04:58:51+0000] [ALPM] installed info (7.1-2)
[2024-05-07T04:58:51+0000] [ALPM] installed libtasn1 (4.19.0-1)
[2024-05-07T04:58:51+0000] [ALPM] installed libp11-kit (0.25.3-1)
[2024-05-07T04:58:51+0000] [ALPM] installed p11-kit (0.25.3-1)
[2024-05-07T04:58:51+0000] [ALPM] installed ca-certificates (20240203-1)
[2024-05-07T04:58:52+0000] [ALPM] installed brotli (1.1.0-1)
[2024-05-07T04:58:52+0000] [ALPM] installed libdb (5.3.28-5)
[2024-05-07T04:58:52+0000] [ALPM] installed libedit (20221030_3.1-1)
[2024-05-07T04:58:52+0000] [ALPM] installed libsqlite (3.45.3-1)
[2024-05-07T04:58:52+0000] [ALPM] installed heimdal-libs (7.8.0-4)
[2024-05-07T04:58:52+0000] [ALPM] installed libunistring (1.2-1)
[2024-05-07T04:58:52+0000] [ALPM] installed libidn2 (2.3.7-1)
[2024-05-07T04:58:52+0000] [ALPM] installed libnghttp2 (1.61.0-1)
[2024-05-07T04:58:52+0000] [ALPM] installed libpsl (0.21.5-2)
[2024-05-07T04:58:52+0000] [ALPM] installed libssh2 (1.11.0-1)
[2024-05-07T04:58:52+0000] [ALPM] installed libcurl (8.7.1-1)
[2024-05-07T04:58:53+0000] [ALPM] installed curl (8.7.1-1)
[2024-05-07T04:58:53+0000] [ALPM] installed libpcre (8.45-4)
[2024-05-07T04:58:53+0000] [ALPM] installed grep (1~3.0-6)
[2024-05-07T04:58:53+0000] [ALPM] installed dash (0.5.12-1)
[2024-05-07T04:58:53+0000] [ALPM] installed file (5.45-1)
[2024-05-07T04:58:53+0000] [ALPM] installed mpfr (4.2.1-1)
[2024-05-07T04:58:53+0000] [ALPM] installed libreadline (8.2.010-1)
[2024-05-07T04:58:53+0000] [ALPM] installed gawk (5.3.0-1)
[2024-05-07T04:58:53+0000] [ALPM] installed libargp (20110921-4)
[2024-05-07T04:58:53+0000] [ALPM] installed getent (2.18.90-4)
[2024-05-07T04:58:53+0000] [ALPM] installed inetutils (2.5-2)
[2024-05-07T04:58:53+0000] [ALPM] installed mintty (1~3.7.1-1)
[2024-05-07T04:58:53+0000] [ALPM] installed msys2-keyring (1~20240410-1)
[2024-05-07T04:58:53+0000] [ALPM] installed msys2-launcher (1.5-1)
[2024-05-07T04:58:54+0000] [ALPM] installed nano (8.0-1)
[2024-05-07T04:58:54+0000] [ALPM] installed libgettextpo (0.22.4-1)
[2024-05-07T04:58:54+0000] [ALPM] installed libasprintf (0.22.4-1)
[2024-05-07T04:58:54+0000] [ALPM] installed gettext (0.22.4-1)
[2024-05-07T04:58:54+0000] [ALPM] installed libgpg-error (1.49-1)
[2024-05-07T04:58:54+0000] [ALPM] installed libassuan (2.5.7-1)
[2024-05-07T04:58:54+0000] [ALPM] installed libgcrypt (1.10.3-1)
[2024-05-07T04:58:54+0000] [ALPM] installed libhogweed (3.9.1-1)
[2024-05-07T04:58:54+0000] [ALPM] installed libnettle (3.9.1-1)
[2024-05-07T04:58:54+0000] [ALPM] installed libgnutls (3.8.5-1)
[2024-05-07T04:58:54+0000] [ALPM] installed libksba (1.6.6-1)
[2024-05-07T04:58:54+0000] [ALPM] installed libnpth (1.7-1)
[2024-05-07T04:58:54+0000] [ALPM] installed nettle (3.9.1-1)
[2024-05-07T04:58:54+0000] [ALPM] installed pinentry (1.2.1-1)
[2024-05-07T04:58:54+0000] [ALPM] installed gnupg (2.4.5-1)
[2024-05-07T04:58:54+0000] [ALPM] installed pacman-mirrors (20240504-1)
[2024-05-07T04:58:54+0000] [ALPM] installed which (2.21-4)
[2024-05-07T04:58:55+0000] [ALPM] installed xz (5.6.1-2)
[2024-05-07T04:58:55+0000] [ALPM] installed zstd (1.5.6-1)
[2024-05-07T04:58:55+0000] [ALPM] installed pacman (6.0.2-15)
[2024-05-07T04:58:55+0000] [ALPM] installed db (5.3.28-5)
[2024-05-07T04:58:55+0000] [ALPM] installed libgdbm (1.23-1)
[2024-05-07T04:58:55+0000] [ALPM] installed gdbm (1.23-1)
[2024-05-07T04:58:58+0000] [ALPM] installed perl (5.38.2-1)
[2024-05-07T04:58:58+0000] [ALPM] installed pacman-contrib (1.10.5-1)
[2024-05-07T04:58:58+0000] [ALPM] installed rebase (4.5.0-4)
[2024-05-07T04:58:58+0000] [ALPM] installed tar (1.35-2)
[2024-05-07T04:58:58+0000] [ALPM] installed time (1.9-3)
[2024-05-07T04:59:01+0000] [ALPM] installed tzcode (2024a-1)
[2024-05-07T04:59:01+0000] [ALPM] installed libutil-linux (2.35.2-4)
[2024-05-07T04:59:01+0000] [ALPM] installed util-linux (2.35.2-4)
[2024-05-07T04:59:01+0000] [ALPM] installed libgpgme (1.23.2-1)
[2024-05-07T04:59:01+0000] [ALPM] installed wget (1.24.5-1)
[2024-05-07T04:59:01+0000] [ALPM] installed base (2022.06-1)
[2024-05-07T04:59:01+0000] [ALPM] transaction completed
[2024-05-07T04:59:01+0000] [ALPM] running 'texinfo-install.hook'...
[2024-07-10T11:04:51+0530] [PACMAN] Running 'pacman -Syu'
[2024-07-10T11:04:51+0530] [PACMAN] synchronizing package lists
[2024-07-10T11:05:06+0530] [PACMAN] starting core system upgrade
[2024-07-10T11:05:48+0530] [ALPM] transaction started
[2024-07-10T11:05:48+0530] [ALPM] upgraded filesystem (2023.02.07-1 -> 2023.02.07-2)
[2024-07-10T11:05:49+0530] [ALPM] upgraded mintty (1~3.7.1-1 -> 1~3.7.4-1)
[2024-07-10T11:05:49+0530] [ALPM] upgraded msys2-runtime (3.5.3-2 -> 3.5.3-4)
[2024-07-10T11:05:49+0530] [ALPM] upgraded pacman-mirrors (20240504-1 -> 20240523-1)
[2024-07-10T11:05:51+0530] [ALPM] upgraded pacman (6.0.2-15 -> 6.1.0-3)
[2024-07-10T11:05:51+0530] [ALPM] transaction completed
[2024-07-10T11:07:16+0530] [PACMAN] Running 'pacman -S make'
[2024-07-10T11:07:26+0530] [ALPM] transaction started
[2024-07-10T11:07:26+0530] [ALPM] installed make (4.4.1-2)
[2024-07-10T11:07:26+0530] [ALPM] transaction completed
[2024-07-10T11:07:26+0530] [ALPM] running 'texinfo-install.hook'...
